Participant,Practice,Block,Trial,Time
Participant,Practice,Block,Trial,Time
0,true,0,0,0.000
0,true,0,0,10.005
0,true,0,0,20.000
Participant,Practice,Block,Trial,Time
0,true,0,0,0.000
0,true,0,0,10.000
0,true,0,0,20.000
Participant,Practice,Block,Trial,Time
0,true,0,0,0.000
0,true,0,0,10.000
Participant,Practice,Block,Trial,Time
0,true,0,0,0.000
0,true,0,0,10.000
0,true,0,0,20.000
0,true,0,0,30.000
0,true,0,0,40.000
Participant,Practice,Block,Trial,Time
0,true,0,0,0.000
0,true,0,0,10.000
0,true,0,0,20.000
0,true,0,0,30.000
0,true,0,0,40.000
0,true,0,0,50.000
0,true,0,0,60.000
0,true,0,0,70.000
0,true,0,0,80.000
0,true,0,0,90.000
0,true,0,0,100.000
0,true,0,0,110.000
0,true,0,0,120.000
0,true,0,0,130.000
Participant,Practice,Block,Trial,Time
0,true,0,0,0.000
0,true,0,0,10.000
Participant,Practice,Block,Trial,Time
0,true,0,0,0.000
Participant,Practice,Block,Trial,Time
0,true,0,0,0.000
Participant,Practice,Block,Trial,Time
0,true,0,0,0.000
Participant,Practice,Block,Trial,Time
0,true,0,0,0.000
0,true,0,0,10.000
0,true,0,0,20.000
0,true,0,0,30.000
Participant,Practice,Block,Trial,Time
0,true,0,0,0.000
0,true,0,0,10.000
0,true,0,0,20.000
0,true,0,0,30.000
0,true,0,0,40.000
Participant,Practice,Block,Trial,Time
0,true,0,0,0.000
0,true,0,0,10.000
0,true,0,0,20.000
0,true,0,0,30.000
0,true,0,0,40.000
0,true,0,0,50.000
0,true,0,0,60.000
0,true,0,0,70.000
Participant,Practice,Block,Trial,Time
0,true,0,0,0.000
0,true,0,0,10.000
0,true,0,0,20.000
0,true,0,0,30.000
Participant,Practice,Block,Trial,Time
0,true,0,0,0.000
0,true,0,0,10.000
0,true,0,0,20.000
0,true,0,0,30.000
0,true,0,0,40.000
0,true,0,0,50.000
0,true,0,0,60.000
0,true,0,0,70.000
Participant,Practice,Block,Trial,Time
0,true,0,0,0.000
Participant,Practice,Block,Trial,Time
0,true,0,0,0.000
0,true,0,0,10.000
0,true,0,0,20.000
0,true,0,0,30.000
Participant,Practice,Block,Trial,Time
0,true,0,0,0.000
0,true,0,0,10.000
Participant,Practice,Block,Trial,Time
0,true,0,0,0.000
0,true,0,0,10.000
0,true,0,0,20.000
0,true,0,0,30.000
Participant,Practice,Block,Trial,Time
0,true,0,0,0.000
Participant,Practice,Block,Trial,Time
0,true,0,0,0.000
0,true,0,0,10.000
0,true,0,0,20.000
0,true,0,0,30.000
0,true,0,0,40.000
Participant,Practice,Block,Trial,Time
0,true,0,0,0.000
Participant,Practice,Block,Trial,Time
0,true,0,0,0.000
Participant,Practice,Block,Trial,Time
0,true,0,0,0.000
Participant,Practice,Block,Trial,Time
0,true,0,0,0.000
0,true,0,0,10.000
0,true,0,0,20.000
0,true,0,0,30.000
Participant,Practice,Block,Trial,Time
0,true,0,0,0.000
0,true,0,0,10.000
0,true,0,0,20.000
0,true,0,0,30.000
0,true,0,0,40.000
Participant,Practice,Block,Trial,Time
0,true,0,0,0.000
0,true,0,0,10.000
0,true,0,0,20.000
0,true,0,0,30.000
0,true,0,0,40.000
0,true,0,0,50.000
0,true,0,0,60.000
Participant,Practice,Block,Trial,Time
0,true,0,0,0.000
0,true,0,0,10.000
0,true,0,0,20.000
0,true,0,0,30.000
0,true,0,0,40.000
0,true,0,0,50.000
0,true,0,0,60.000
0,true,0,0,70.000
0,true,0,0,80.000
0,true,0,0,90.000
0,true,0,0,100.000
0,true,0,0,110.000
0,true,0,0,120.000
Participant,Practice,Block,Trial,Time
0,true,0,0,0.000
0,true,0,0,10.000
0,true,0,0,20.000
0,true,0,0,30.000
0,true,0,0,40.000
0,true,0,0,50.000
0,true,0,0,60.000
0,true,0,0,70.000
0,true,0,0,80.000
0,true,0,0,90.000
0,true,0,0,100.000
0,true,0,0,110.000
0,true,0,0,120.000
0,true,0,0,130.000
0,true,0,0,140.000
0,true,0,0,150.000
0,true,0,0,160.000
0,true,0,0,170.000
0,true,0,0,180.000
0,true,0,0,190.000
0,true,0,0,200.000
0,true,0,0,210.000
0,true,0,0,220.000
Participant,Practice,Block,Trial,Time
0,true,0,0,0.000
0,true,0,0,10.000
0,true,0,0,20.000
Participant,Practice,Block,Trial,Time
0,true,0,0,0.000
0,true,0,0,10.000
0,true,0,0,20.000
Participant,Practice,Block,Trial,Time
0,true,0,0,0.000
Participant,Practice,Block,Trial,Time
Participant,Practice,Block,Trial,Time
0,true,0,0,0.000
Participant,Practice,Block,Trial,Time
0,true,0,0,0.000
Participant,Practice,Block,Trial,Time
0,true,0,0,0.000
0,true,0,0,10.000
0,true,0,0,20.000
Participant,Practice,Block,Trial,Time
0,true,0,0,0.000
Participant,Practice,Block,Trial,Time
0,true,0,0,0.000
